{"/Users/michalzamorski/Documents/Projekty/ABM/src/components/Divider.js": {"path":"/Users/michalzamorski/Documents/Projekty/ABM/src/components/Divider.js","statementMap":{"0":{"start":{"line":4,"column":15},"end":{"line":15,"column":2}},"1":{"start":{"line":21,"column":17},"end":{"line":21,"column":73}},"2":{"start":{"line":21,"column":30},"end":{"line":21,"column":73}},"3":{"start":{"line":23,"column":16},"end":{"line":23,"column":100}},"4":{"start":{"line":23,"column":47},"end":{"line":23,"column":100}}},"fnMap":{"0":{"name":"(anonymous_0)","decl":{"start":{"line":21,"column":17},"end":{"line":21,"column":18}},"loc":{"start":{"line":21,"column":30},"end":{"line":21,"column":73}},"line":21},"1":{"name":"(anonymous_1)","decl":{"start":{"line":23,"column":16},"end":{"line":23,"column":17}},"loc":{"start":{"line":23,"column":47},"end":{"line":23,"column":100}},"line":23}},"branchMap":{"0":{"loc":{"start":{"line":21,"column":30},"end":{"line":21,"column":73}},"type":"cond-expr","locations":[{"start":{"line":21,"column":42},"end":{"line":21,"column":56}},{"start":{"line":21,"column":59},"end":{"line":21,"column":73}}],"line":21}},"s":{"0":1,"1":1,"2":2,"3":1,"4":2},"f":{"0":2,"1":2},"b":{"0":[1,1]},"_coverageSchema":"332fd63041d2c1bcb487cc26dd0d5f7d97098a6c","hash":"fdcee145170890923cc542e8c0f5d75ca919e3be"}
,"/Users/michalzamorski/Documents/Projekty/ABM/src/components/ValueDisplay.js": {"path":"/Users/michalzamorski/Documents/Projekty/ABM/src/components/ValueDisplay.js","statementMap":{"0":{"start":{"line":4,"column":15},"end":{"line":20,"column":2}},"1":{"start":{"line":29,"column":21},"end":{"line":47,"column":1}},"2":{"start":{"line":30,"column":1},"end":{"line":46,"column":8}},"3":{"start":{"line":39,"column":19},"end":{"line":39,"column":35}}},"fnMap":{"0":{"name":"(anonymous_0)","decl":{"start":{"line":29,"column":21},"end":{"line":29,"column":22}},"loc":{"start":{"line":30,"column":1},"end":{"line":46,"column":8}},"line":30},"1":{"name":"(anonymous_1)","decl":{"start":{"line":39,"column":13},"end":{"line":39,"column":14}},"loc":{"start":{"line":39,"column":19},"end":{"line":39,"column":35}},"line":39}},"branchMap":{"0":{"loc":{"start":{"line":31,"column":3},"end":{"line":35,"column":3}},"type":"binary-expr","locations":[{"start":{"line":31,"column":3},"end":{"line":31,"column":27}},{"start":{"line":32,"column":3},"end":{"line":34,"column":10}}],"line":31},"1":{"loc":{"start":{"line":36,"column":3},"end":{"line":45,"column":3}},"type":"binary-expr","locations":[{"start":{"line":36,"column":3},"end":{"line":36,"column":26}},{"start":{"line":37,"column":3},"end":{"line":44,"column":24}}],"line":36},"2":{"loc":{"start":{"line":42,"column":6},"end":{"line":42,"column":20}},"type":"binary-expr","locations":[{"start":{"line":42,"column":6},"end":{"line":42,"column":13}},{"start":{"line":42,"column":17},"end":{"line":42,"column":20}}],"line":42}},"s":{"0":1,"1":1,"2":3,"3":0},"f":{"0":3,"1":0},"b":{"0":[3,1],"1":[3,2],"2":[2,1]},"_coverageSchema":"332fd63041d2c1bcb487cc26dd0d5f7d97098a6c","hash":"a0859d0ad97d9c90c70522a5b8e92e33bf5d25b5"}
,"/Users/michalzamorski/Documents/Projekty/ABM/src/screens/ConfigScreen.js": {"path":"/Users/michalzamorski/Documents/Projekty/ABM/src/screens/ConfigScreen.js","statementMap":{"0":{"start":{"line":4,"column":24},"end":{"line":6,"column":1}},"1":{"start":{"line":10,"column":2},"end":{"line":10,"column":10}},"2":{"start":{"line":12,"column":2},"end":{"line":12,"column":36}},"3":{"start":{"line":16,"column":2},"end":{"line":16,"column":36}},"4":{"start":{"line":20,"column":2},"end":{"line":34,"column":4}}},"fnMap":{"0":{"name":"(anonymous_0)","decl":{"start":{"line":9,"column":1},"end":{"line":9,"column":2}},"loc":{"start":{"line":9,"column":15},"end":{"line":13,"column":2}},"line":9},"1":{"name":"(anonymous_1)","decl":{"start":{"line":15,"column":1},"end":{"line":15,"column":2}},"loc":{"start":{"line":15,"column":26},"end":{"line":17,"column":2}},"line":15},"2":{"name":"(anonymous_2)","decl":{"start":{"line":19,"column":1},"end":{"line":19,"column":2}},"loc":{"start":{"line":19,"column":10},"end":{"line":35,"column":2}},"line":19}},"branchMap":{},"s":{"0":1,"1":2,"2":2,"3":1,"4":3},"f":{"0":2,"1":1,"2":3},"b":{},"_coverageSchema":"332fd63041d2c1bcb487cc26dd0d5f7d97098a6c","hash":"b3da5d700d377525266950b618af69006e835801"}
,"/Users/michalzamorski/Documents/Projekty/ABM/src/screens/HomeScreen.js": {"path":"/Users/michalzamorski/Documents/Projekty/ABM/src/screens/HomeScreen.js","statementMap":{"0":{"start":{"line":16,"column":21},"end":{"line":16,"column":42}},"1":{"start":{"line":17,"column":2},"end":{"line":26,"column":4}},"2":{"start":{"line":20,"column":28},"end":{"line":20,"column":44}},"3":{"start":{"line":22,"column":28},"end":{"line":22,"column":46}},"4":{"start":{"line":30,"column":15},"end":{"line":37,"column":2}}},"fnMap":{"0":{"name":"(anonymous_0)","decl":{"start":{"line":15,"column":1},"end":{"line":15,"column":2}},"loc":{"start":{"line":15,"column":10},"end":{"line":27,"column":2}},"line":15},"1":{"name":"(anonymous_1)","decl":{"start":{"line":20,"column":22},"end":{"line":20,"column":23}},"loc":{"start":{"line":20,"column":28},"end":{"line":20,"column":44}},"line":20},"2":{"name":"(anonymous_2)","decl":{"start":{"line":22,"column":22},"end":{"line":22,"column":23}},"loc":{"start":{"line":22,"column":28},"end":{"line":22,"column":46}},"line":22}},"branchMap":{},"s":{"0":1,"1":1,"2":0,"3":0,"4":1},"f":{"0":1,"1":0,"2":0},"b":{},"_coverageSchema":"332fd63041d2c1bcb487cc26dd0d5f7d97098a6c","hash":"7e387177add399c6390a788d39d4cb801b903ffa"}
}
