TN:
SF:/Users/michalzamorski/Documents/Projekty/ABM/src/components/Divider.js
FN:21,(anonymous_0)
FN:23,(anonymous_1)
FNF:2
FNH:2
FNDA:2,(anonymous_0)
FNDA:2,(anonymous_1)
DA:4,1
DA:21,2
DA:23,2
LF:3
LH:3
BRDA:21,0,0,1
BRDA:21,0,1,1
BRF:2
BRH:2
end_of_record
TN:
SF:/Users/michalzamorski/Documents/Projekty/ABM/src/components/ValueDisplay.js
FN:29,(anonymous_0)
FN:39,(anonymous_1)
FNF:2
FNH:1
FNDA:3,(anonymous_0)
FNDA:0,(anonymous_1)
DA:4,1
DA:29,1
DA:30,3
DA:39,0
LF:4
LH:3
BRDA:31,0,0,3
BRDA:31,0,1,1
BRDA:36,1,0,3
BRDA:36,1,1,2
BRDA:42,2,0,2
BRDA:42,2,1,1
BRF:6
BRH:6
end_of_record
TN:
SF:/Users/michalzamorski/Documents/Projekty/ABM/src/screens/ConfigScreen.js
FN:9,(anonymous_0)
FN:15,(anonymous_1)
FN:19,(anonymous_2)
FNF:3
FNH:3
FNDA:2,(anonymous_0)
FNDA:1,(anonymous_1)
FNDA:3,(anonymous_2)
DA:4,1
DA:10,2
DA:12,2
DA:16,1
DA:20,3
LF:5
LH:5
BRF:0
BRH:0
end_of_record
TN:
SF:/Users/michalzamorski/Documents/Projekty/ABM/src/screens/HomeScreen.js
FN:15,(anonymous_0)
FN:20,(anonymous_1)
FN:22,(anonymous_2)
FNF:3
FNH:1
FNDA:1,(anonymous_0)
FNDA:0,(anonymous_1)
FNDA:0,(anonymous_2)
DA:16,1
DA:17,1
DA:20,0
DA:22,0
DA:30,1
LF:5
LH:3
BRF:0
BRH:0
end_of_record
